2019-04-15T06:44:52.098Z - info: [ui] [AppStore] loading 12 repositories from store
2019-04-15T06:44:52.100Z - info: [ui] [AppStore] found account: hu7go (Hugo Cremer)
2019-04-15T06:44:52.427Z - info: [ui] launching: 1.6.5 (Windows 10.0.17134)
2019-04-15T06:44:52.427Z - info: [ui] execPath: 'C:\Users\Hugo B Cremer\AppData\Local\GitHubDesktop\app-1.6.5\GitHubDesktop.exe'
2019-04-15T06:44:53.017Z - info: [ui] Stats reported.
2019-04-15T06:44:58.387Z - info: [ui] Executing fetch: git -c credential.helper= -c protocol.version=2 fetch --progress --prune origin (took 2.912s)
2019-04-15T06:46:39.885Z - info: [ui] [AppStore.withAuthenticatingUser] account found for repository: PA-RougeLike - hu7go (has token)
2019-04-15T06:46:43.468Z - info: [ui] Executing push: git -c credential.helper= -c protocol.version=2 push origin master:master --progress (took 3.503s)
2019-04-15T06:46:46.473Z - info: [ui] Executing fetch: git -c credential.helper= -c protocol.version=2 fetch --progress --prune origin (took 2.933s)
2019-04-15T06:46:52.640Z - warn: [ui] fetchRepository: 'trustred/EscapeRoom' returned a 404
2019-04-15T06:46:52.931Z - warn: [ui] fetchRepository: 'trustred/EscapeRoom' returned a 404
2019-04-15T06:46:52.932Z - info: [ui] [AppStore.withAuthenticatingUser] account found for repository: EscapeRoom - hu7go (has token)
2019-04-15T06:46:54.235Z - info: [ui] Executing fetch: git -c credential.helper= -c protocol.version=2 fetch --progress --prune origin (took 1.238s)
2019-04-15T06:46:54.236Z - error: [ui] `git -c credential.helper= -c protocol.version=2 fetch --progress --prune origin` exited with an unexpected code: 128.
remote: Repository not found.
fatal: repository 'https://github.com/trustred/EscapeRoom.git/' not found

(The error was parsed as 8: The repository does not seem to exist anymore. You may not have access, or it may have been deleted or renamed.)
2019-04-15T06:47:00.720Z - info: [ui] Background fetch for 12 repositories took 8.557sec
2019-04-15T07:02:01.058Z - warn: [ui] fetchRepository: 'trustred/EscapeRoom' returned a 404
2019-04-15T07:02:01.236Z - warn: [ui] fetchRepository: 'trustred/EscapeRoom' returned a 404
2019-04-15T07:02:01.238Z - info: [ui] [AppStore.withAuthenticatingUser] account found for repository: EscapeRoom - hu7go (has token)
2019-04-15T07:02:02.541Z - info: [ui] Executing fetch: git -c credential.helper= -c protocol.version=2 fetch --progress --prune origin (took 1.241s)
2019-04-15T07:02:02.542Z - error: [ui] `git -c credential.helper= -c protocol.version=2 fetch --progress --prune origin` exited with an unexpected code: 128.
remote: Repository not found.
fatal: repository 'https://github.com/trustred/EscapeRoom.git/' not found

(The error was parsed as 8: The repository does not seem to exist anymore. You may not have access, or it may have been deleted or renamed.)
2019-04-15T07:02:08.449Z - info: [ui] Background fetch for 12 repositories took 7.729sec
2019-04-15T07:16:50.282Z - info: [ui] Executing fetch: git -c credential.helper= -c protocol.version=2 fetch --progress --prune origin (took 3.093s)
2019-04-15T07:17:01.055Z - warn: [ui] fetchRepository: 'trustred/EscapeRoom' returned a 404
2019-04-15T07:17:01.226Z - warn: [ui] fetchRepository: 'trustred/EscapeRoom' returned a 404
2019-04-15T07:17:01.227Z - info: [ui] [AppStore.withAuthenticatingUser] account found for repository: EscapeRoom - hu7go (has token)
2019-04-15T07:17:02.675Z - info: [ui] Executing fetch: git -c credential.helper= -c protocol.version=2 fetch --progress --prune origin (took 1.381s)
2019-04-15T07:17:02.675Z - error: [ui] `git -c credential.helper= -c protocol.version=2 fetch --progress --prune origin` exited with an unexpected code: 128.
remote: Repository not found.
fatal: repository 'https://github.com/trustred/EscapeRoom.git/' not found

(The error was parsed as 8: The repository does not seem to exist anymore. You may not have access, or it may have been deleted or renamed.)
2019-04-15T07:17:09.056Z - info: [ui] Background fetch for 12 repositories took 8.334sec
2019-04-15T07:18:02.953Z - info: [ui] Executing fetch: git -c credential.helper= -c protocol.version=2 fetch --progress --prune origin (took 2.187s)
2019-04-15T07:18:06.008Z - info: [ui] [AppStore.withAuthenticatingUser] account found for repository: Wavr_percision - hu7go (has token)
2019-04-15T07:18:09.643Z - info: [ui] Executing push: git -c credential.helper= -c protocol.version=2 push origin master:master --progress (took 3.525s)
2019-04-15T07:18:11.761Z - info: [ui] Executing fetch: git -c credential.helper= -c protocol.version=2 fetch --progress --prune origin (took 2.011s)
2019-04-15T07:34:11.483Z - info: [ui] [AppStore] loading 12 repositories from store
2019-04-15T07:34:11.485Z - info: [ui] [AppStore] found account: hu7go (Hugo Cremer)
2019-04-15T07:34:11.864Z - info: [ui] launching: 1.6.5 (Windows 10.0.17134)
2019-04-15T07:34:11.864Z - info: [ui] execPath: 'C:\Users\Hugo B Cremer\AppData\Local\GitHubDesktop\app-1.6.5\GitHubDesktop.exe'
2019-04-15T07:36:12.394Z - warn: [ui] fetchRepository: 'trustred/EscapeRoom' returned a 404
2019-04-15T07:36:12.559Z - warn: [ui] fetchRepository: 'trustred/EscapeRoom' returned a 404
2019-04-15T07:36:12.561Z - info: [ui] [AppStore.withAuthenticatingUser] account found for repository: EscapeRoom - hu7go (has token)
2019-04-15T07:36:14.042Z - info: [ui] Executing fetch: git -c credential.helper= -c protocol.version=2 fetch --progress --prune origin (took 1.403s)
2019-04-15T07:36:14.043Z - error: [ui] `git -c credential.helper= -c protocol.version=2 fetch --progress --prune origin` exited with an unexpected code: 128.
remote: Repository not found.
fatal: repository 'https://github.com/trustred/EscapeRoom.git/' not found

(The error was parsed as 8: The repository does not seem to exist anymore. You may not have access, or it may have been deleted or renamed.)
2019-04-15T07:36:21.863Z - info: [ui] Background fetch for 12 repositories took 10.278sec
2019-04-15T07:49:29.414Z - info: [ui] Executing fetch: git -c credential.helper= -c protocol.version=2 fetch --progress --prune origin (took 1.989s)
2019-04-15T07:51:22.459Z - warn: [ui] fetchRepository: 'trustred/EscapeRoom' returned a 404
2019-04-15T07:51:22.632Z - warn: [ui] fetchRepository: 'trustred/EscapeRoom' returned a 404
2019-04-15T07:51:22.632Z - info: [ui] [AppStore.withAuthenticatingUser] account found for repository: EscapeRoom - hu7go (has token)
2019-04-15T07:51:23.928Z - info: [ui] Executing fetch: git -c credential.helper= -c protocol.version=2 fetch --progress --prune origin (took 1.229s)
2019-04-15T07:51:23.928Z - error: [ui] `git -c credential.helper= -c protocol.version=2 fetch --progress --prune origin` exited with an unexpected code: 128.
remote: Repository not found.
fatal: repository 'https://github.com/trustred/EscapeRoom.git/' not found

(The error was parsed as 8: The repository does not seem to exist anymore. You may not have access, or it may have been deleted or renamed.)
2019-04-15T07:51:29.424Z - info: [ui] Background fetch for 12 repositories took 7.559sec
2019-04-15T08:06:22.430Z - warn: [ui] fetchRepository: 'trustred/EscapeRoom' returned a 404
2019-04-15T08:06:22.609Z - warn: [ui] fetchRepository: 'trustred/EscapeRoom' returned a 404
2019-04-15T08:06:22.610Z - info: [ui] [AppStore.withAuthenticatingUser] account found for repository: EscapeRoom - hu7go (has token)
2019-04-15T08:06:23.929Z - info: [ui] Executing fetch: git -c credential.helper= -c protocol.version=2 fetch --progress --prune origin (took 1.250s)
2019-04-15T08:06:23.930Z - error: [ui] `git -c credential.helper= -c protocol.version=2 fetch --progress --prune origin` exited with an unexpected code: 128.
remote: Repository not found.
fatal: repository 'https://github.com/trustred/EscapeRoom.git/' not found

(The error was parsed as 8: The repository does not seem to exist anymore. You may not have access, or it may have been deleted or renamed.)
2019-04-15T08:06:28.938Z - info: [ui] Background fetch for 12 repositories took 7.071sec
2019-04-15T08:19:57.235Z - info: [ui] Executing fetch: git -c credential.helper= -c protocol.version=2 fetch --progress --prune origin (took 2.257s)
2019-04-15T08:21:22.463Z - warn: [ui] fetchRepository: 'trustred/EscapeRoom' returned a 404
2019-04-15T08:21:22.613Z - warn: [ui] fetchRepository: 'trustred/EscapeRoom' returned a 404
2019-04-15T08:21:22.614Z - info: [ui] [AppStore.withAuthenticatingUser] account found for repository: EscapeRoom - hu7go (has token)
2019-04-15T08:21:24.060Z - info: [ui] Executing fetch: git -c credential.helper= -c protocol.version=2 fetch --progress --prune origin (took 1.368s)
2019-04-15T08:21:24.060Z - error: [ui] `git -c credential.helper= -c protocol.version=2 fetch --progress --prune origin` exited with an unexpected code: 128.
remote: Repository not found.
fatal: repository 'https://github.com/trustred/EscapeRoom.git/' not found

(The error was parsed as 8: The repository does not seem to exist anymore. You may not have access, or it may have been deleted or renamed.)
2019-04-15T08:21:29.931Z - info: [ui] Background fetch for 12 repositories took 8.065sec
2019-04-15T08:36:22.481Z - warn: [ui] fetchRepository: 'trustred/EscapeRoom' returned a 404
2019-04-15T08:36:22.635Z - warn: [ui] fetchRepository: 'trustred/EscapeRoom' returned a 404
2019-04-15T08:36:22.635Z - info: [ui] [AppStore.withAuthenticatingUser] account found for repository: EscapeRoom - hu7go (has token)
2019-04-15T08:36:24.081Z - info: [ui] Executing fetch: git -c credential.helper= -c protocol.version=2 fetch --progress --prune origin (took 1.368s)
2019-04-15T08:36:24.082Z - error: [ui] `git -c credential.helper= -c protocol.version=2 fetch --progress --prune origin` exited with an unexpected code: 128.
remote: Repository not found.
fatal: repository 'https://github.com/trustred/EscapeRoom.git/' not found

(The error was parsed as 8: The repository does not seem to exist anymore. You may not have access, or it may have been deleted or renamed.)
2019-04-15T08:36:31.280Z - info: [ui] Background fetch for 12 repositories took 9.415sec
2019-04-15T08:50:25.543Z - info: [ui] Executing fetch: git -c credential.helper= -c protocol.version=2 fetch --progress --prune origin (took 2.483s)
2019-04-15T08:51:22.216Z - warn: [ui] fetchRepository: 'trustred/EscapeRoom' returned a 404
2019-04-15T08:51:22.379Z - warn: [ui] fetchRepository: 'trustred/EscapeRoom' returned a 404
2019-04-15T08:51:22.380Z - info: [ui] [AppStore.withAuthenticatingUser] account found for repository: EscapeRoom - hu7go (has token)
2019-04-15T08:51:23.705Z - info: [ui] Executing fetch: git -c credential.helper= -c protocol.version=2 fetch --progress --prune origin (took 1.253s)
2019-04-15T08:51:23.705Z - error: [ui] `git -c credential.helper= -c protocol.version=2 fetch --progress --prune origin` exited with an unexpected code: 128.
remote: Repository not found.
fatal: repository 'https://github.com/trustred/EscapeRoom.git/' not found

(The error was parsed as 8: The repository does not seem to exist anymore. You may not have access, or it may have been deleted or renamed.)
2019-04-15T08:51:30.564Z - info: [ui] Background fetch for 12 repositories took 8.697sec
2019-04-15T09:06:22.204Z - warn: [ui] fetchRepository: 'trustred/EscapeRoom' returned a 404
2019-04-15T09:06:22.359Z - warn: [ui] fetchRepository: 'trustred/EscapeRoom' returned a 404
2019-04-15T09:06:22.360Z - info: [ui] [AppStore.withAuthenticatingUser] account found for repository: EscapeRoom - hu7go (has token)
2019-04-15T09:06:23.986Z - info: [ui] Executing fetch: git -c credential.helper= -c protocol.version=2 fetch --progress --prune origin (took 1.561s)
2019-04-15T09:06:23.986Z - error: [ui] `git -c credential.helper= -c protocol.version=2 fetch --progress --prune origin` exited with an unexpected code: 128.
remote: Repository not found.
fatal: repository 'https://github.com/trustred/EscapeRoom.git/' not found

(The error was parsed as 8: The repository does not seem to exist anymore. You may not have access, or it may have been deleted or renamed.)
2019-04-15T09:06:29.486Z - info: [ui] Background fetch for 12 repositories took 7.620sec
2019-04-15T09:08:15.253Z - info: [ui] [AppStore.withAuthenticatingUser] account found for repository: Wavr_percision - hu7go (has token)
2019-04-15T09:08:18.981Z - info: [ui] Executing push: git -c credential.helper= -c protocol.version=2 push origin master:master --progress (took 3.643s)
2019-04-15T09:08:21.171Z - info: [ui] Executing fetch: git -c credential.helper= -c protocol.version=2 fetch --progress --prune origin (took 2.109s)
2019-04-15T09:21:22.314Z - warn: [ui] fetchRepository: 'trustred/EscapeRoom' returned a 404
2019-04-15T09:21:22.464Z - warn: [ui] fetchRepository: 'trustred/EscapeRoom' returned a 404
2019-04-15T09:21:22.465Z - info: [ui] [AppStore.withAuthenticatingUser] account found for repository: EscapeRoom - hu7go (has token)
2019-04-15T09:21:24.077Z - info: [ui] Executing fetch: git -c credential.helper= -c protocol.version=2 fetch --progress --prune origin (took 1.548s)
2019-04-15T09:21:24.078Z - error: [ui] `git -c credential.helper= -c protocol.version=2 fetch --progress --prune origin` exited with an unexpected code: 128.
remote: Repository not found.
fatal: repository 'https://github.com/trustred/EscapeRoom.git/' not found

(The error was parsed as 8: The repository does not seem to exist anymore. You may not have access, or it may have been deleted or renamed.)
2019-04-15T09:21:29.619Z - info: [ui] Background fetch for 12 repositories took 7.753sec
2019-04-15T09:36:22.196Z - warn: [ui] fetchRepository: 'trustred/EscapeRoom' returned a 404
2019-04-15T09:36:22.353Z - warn: [ui] fetchRepository: 'trustred/EscapeRoom' returned a 404
2019-04-15T09:36:22.353Z - info: [ui] [AppStore.withAuthenticatingUser] account found for repository: EscapeRoom - hu7go (has token)
2019-04-15T09:36:23.661Z - info: [ui] Executing fetch: git -c credential.helper= -c protocol.version=2 fetch --progress --prune origin (took 1.243s)
2019-04-15T09:36:23.661Z - error: [ui] `git -c credential.helper= -c protocol.version=2 fetch --progress --prune origin` exited with an unexpected code: 128.
remote: Repository not found.
fatal: repository 'https://github.com/trustred/EscapeRoom.git/' not found

(The error was parsed as 8: The repository does not seem to exist anymore. You may not have access, or it may have been deleted or renamed.)
2019-04-15T09:36:29.252Z - info: [ui] Background fetch for 12 repositories took 7.386sec
2019-04-15T09:41:11.447Z - info: [ui] Executing fetch: git -c credential.helper= -c protocol.version=2 fetch --progress --prune origin (took 2.115s)
2019-04-15T09:48:38.050Z - info: [ui] [AppStore.withAuthenticatingUser] account found for repository: Wavr_percision - hu7go (has token)
2019-04-15T09:48:40.618Z - info: [ui] Executing fetch: git -c credential.helper= -c protocol.version=2 fetch --progress --prune origin (took 2.478s)
2019-04-15T09:48:41.505Z - info: [ui] [AppStore.withAuthenticatingUser] account found for repository: Wavr_percision - hu7go (has token)
2019-04-15T09:48:45.098Z - info: [ui] Executing pull: git -c credential.helper= -c protocol.version=2 pull --progress origin (took 3.390s)
2019-04-15T09:51:22.180Z - warn: [ui] fetchRepository: 'trustred/EscapeRoom' returned a 404
2019-04-15T09:51:22.372Z - warn: [ui] fetchRepository: 'trustred/EscapeRoom' returned a 404
2019-04-15T09:51:22.373Z - info: [ui] [AppStore.withAuthenticatingUser] account found for repository: EscapeRoom - hu7go (has token)
2019-04-15T09:51:23.959Z - info: [ui] Executing fetch: git -c credential.helper= -c protocol.version=2 fetch --progress --prune origin (took 1.523s)
2019-04-15T09:51:23.959Z - error: [ui] `git -c credential.helper= -c protocol.version=2 fetch --progress --prune origin` exited with an unexpected code: 128.
remote: Repository not found.
fatal: repository 'https://github.com/trustred/EscapeRoom.git/' not found

(The error was parsed as 8: The repository does not seem to exist anymore. You may not have access, or it may have been deleted or renamed.)
2019-04-15T09:51:29.695Z - info: [ui] Background fetch for 12 repositories took 7.829sec
2019-04-15T10:06:22.564Z - warn: [ui] fetchRepository: 'trustred/EscapeRoom' returned a 404
2019-04-15T10:06:22.711Z - warn: [ui] fetchRepository: 'trustred/EscapeRoom' returned a 404
2019-04-15T10:06:22.712Z - info: [ui] [AppStore.withAuthenticatingUser] account found for repository: EscapeRoom - hu7go (has token)
2019-04-15T10:06:24.280Z - info: [ui] Executing fetch: git -c credential.helper= -c protocol.version=2 fetch --progress --prune origin (took 1.502s)
2019-04-15T10:06:24.280Z - error: [ui] `git -c credential.helper= -c protocol.version=2 fetch --progress --prune origin` exited with an unexpected code: 128.
remote: Repository not found.
fatal: repository 'https://github.com/trustred/EscapeRoom.git/' not found

(The error was parsed as 8: The repository does not seem to exist anymore. You may not have access, or it may have been deleted or renamed.)
2019-04-15T10:06:29.519Z - info: [ui] Background fetch for 12 repositories took 7.653sec
2019-04-15T10:21:22.469Z - warn: [ui] fetchRepository: 'trustred/EscapeRoom' returned a 404
2019-04-15T10:21:22.767Z - warn: [ui] fetchRepository: 'trustred/EscapeRoom' returned a 404
2019-04-15T10:21:22.768Z - info: [ui] [AppStore.withAuthenticatingUser] account found for repository: EscapeRoom - hu7go (has token)
2019-04-15T10:21:24.128Z - info: [ui] Executing fetch: git -c credential.helper= -c protocol.version=2 fetch --progress --prune origin (took 1.295s)
2019-04-15T10:21:24.128Z - error: [ui] `git -c credential.helper= -c protocol.version=2 fetch --progress --prune origin` exited with an unexpected code: 128.
remote: Repository not found.
fatal: repository 'https://github.com/trustred/EscapeRoom.git/' not found

(The error was parsed as 8: The repository does not seem to exist anymore. You may not have access, or it may have been deleted or renamed.)
2019-04-15T10:21:31.184Z - info: [ui] Background fetch for 12 repositories took 9.318sec
2019-04-15T10:21:48.830Z - info: [ui] Executing fetch: git -c credential.helper= -c protocol.version=2 fetch --progress --prune origin (took 2.189s)
2019-04-15T10:36:22.443Z - warn: [ui] fetchRepository: 'trustred/EscapeRoom' returned a 404
2019-04-15T10:36:22.596Z - warn: [ui] fetchRepository: 'trustred/EscapeRoom' returned a 404
2019-04-15T10:36:22.597Z - info: [ui] [AppStore.withAuthenticatingUser] account found for repository: EscapeRoom - hu7go (has token)
2019-04-15T10:36:23.896Z - info: [ui] Executing fetch: git -c credential.helper= -c protocol.version=2 fetch --progress --prune origin (took 1.236s)
2019-04-15T10:36:23.897Z - error: [ui] `git -c credential.helper= -c protocol.version=2 fetch --progress --prune origin` exited with an unexpected code: 128.
remote: Repository not found.
fatal: repository 'https://github.com/trustred/EscapeRoom.git/' not found

(The error was parsed as 8: The repository does not seem to exist anymore. You may not have access, or it may have been deleted or renamed.)
2019-04-15T10:36:30.254Z - info: [ui] Background fetch for 12 repositories took 8.389sec
2019-04-15T10:51:22.431Z - warn: [ui] fetchRepository: 'trustred/EscapeRoom' returned a 404
2019-04-15T10:51:22.583Z - warn: [ui] fetchRepository: 'trustred/EscapeRoom' returned a 404
2019-04-15T10:51:22.583Z - info: [ui] [AppStore.withAuthenticatingUser] account found for repository: EscapeRoom - hu7go (has token)
2019-04-15T10:51:23.850Z - info: [ui] Executing fetch: git -c credential.helper= -c protocol.version=2 fetch --progress --prune origin (took 1.202s)
2019-04-15T10:51:23.850Z - error: [ui] `git -c credential.helper= -c protocol.version=2 fetch --progress --prune origin` exited with an unexpected code: 128.
remote: Repository not found.
fatal: repository 'https://github.com/trustred/EscapeRoom.git/' not found

(The error was parsed as 8: The repository does not seem to exist anymore. You may not have access, or it may have been deleted or renamed.)
2019-04-15T10:51:28.998Z - info: [ui] Background fetch for 12 repositories took 7.133sec
2019-04-15T10:52:16.047Z - info: [ui] Executing fetch: git -c credential.helper= -c protocol.version=2 fetch --progress --prune origin (took 2.069s)
2019-04-15T11:01:37.536Z - info: [ui] [AppStore.withAuthenticatingUser] account found for repository: Wavr_percision - hu7go (has token)
2019-04-15T11:01:41.303Z - info: [ui] Executing push: git -c credential.helper= -c protocol.version=2 push origin master:master --progress (took 3.685s)
2019-04-15T11:01:43.618Z - info: [ui] Executing fetch: git -c credential.helper= -c protocol.version=2 fetch --progress --prune origin (took 2.220s)
2019-04-15T11:06:22.648Z - warn: [ui] fetchRepository: 'trustred/EscapeRoom' returned a 404
2019-04-15T11:06:22.801Z - warn: [ui] fetchRepository: 'trustred/EscapeRoom' returned a 404
2019-04-15T11:06:22.801Z - info: [ui] [AppStore.withAuthenticatingUser] account found for repository: EscapeRoom - hu7go (has token)
2019-04-15T11:06:24.115Z - info: [ui] Executing fetch: git -c credential.helper= -c protocol.version=2 fetch --progress --prune origin (took 1.243s)
2019-04-15T11:06:24.115Z - error: [ui] `git -c credential.helper= -c protocol.version=2 fetch --progress --prune origin` exited with an unexpected code: 128.
remote: Repository not found.
fatal: repository 'https://github.com/trustred/EscapeRoom.git/' not found

(The error was parsed as 8: The repository does not seem to exist anymore. You may not have access, or it may have been deleted or renamed.)
2019-04-15T11:06:39.829Z - info: [ui] Background fetch for 12 repositories took 17.777sec
2019-04-15T11:21:09.635Z - info: [ui] [AppStore.withAuthenticatingUser] account found for repository: Wavr_percision - hu7go (has token)
2019-04-15T11:21:13.659Z - info: [ui] Executing push: git -c credential.helper= -c protocol.version=2 push origin master:master --progress (took 3.882s)
2019-04-15T11:21:15.795Z - info: [ui] Executing fetch: git -c credential.helper= -c protocol.version=2 fetch --progress --prune origin (took 2.049s)
2019-04-15T11:21:22.720Z - warn: [ui] fetchRepository: 'trustred/EscapeRoom' returned a 404
2019-04-15T11:21:22.874Z - warn: [ui] fetchRepository: 'trustred/EscapeRoom' returned a 404
2019-04-15T11:21:22.875Z - info: [ui] [AppStore.withAuthenticatingUser] account found for repository: EscapeRoom - hu7go (has token)
2019-04-15T11:21:24.358Z - info: [ui] Executing fetch: git -c credential.helper= -c protocol.version=2 fetch --progress --prune origin (took 1.400s)
2019-04-15T11:21:24.360Z - error: [ui] `git -c credential.helper= -c protocol.version=2 fetch --progress --prune origin` exited with an unexpected code: 128.
remote: Repository not found.
fatal: repository 'https://github.com/trustred/EscapeRoom.git/' not found

(The error was parsed as 8: The repository does not seem to exist anymore. You may not have access, or it may have been deleted or renamed.)
2019-04-15T11:21:30.249Z - info: [ui] Background fetch for 12 repositories took 8.385sec
2019-04-15T11:29:33.682Z - info: [ui] [AppStore.withAuthenticatingUser] account found for repository: Wavr_percision - hu7go (has token)
2019-04-15T11:29:37.310Z - info: [ui] Executing push: git -c credential.helper= -c protocol.version=2 push origin master:master --progress (took 3.518s)
2019-04-15T11:29:39.455Z - info: [ui] Executing fetch: git -c credential.helper= -c protocol.version=2 fetch --progress --prune origin (took 2.048s)
2019-04-15T11:36:22.444Z - warn: [ui] fetchRepository: 'trustred/EscapeRoom' returned a 404
2019-04-15T11:36:22.648Z - warn: [ui] fetchRepository: 'trustred/EscapeRoom' returned a 404
2019-04-15T11:36:22.648Z - info: [ui] [AppStore.withAuthenticatingUser] account found for repository: EscapeRoom - hu7go (has token)
2019-04-15T11:36:23.936Z - info: [ui] Executing fetch: git -c credential.helper= -c protocol.version=2 fetch --progress --prune origin (took 1.224s)
2019-04-15T11:36:23.936Z - error: [ui] `git -c credential.helper= -c protocol.version=2 fetch --progress --prune origin` exited with an unexpected code: 128.
remote: Repository not found.
fatal: repository 'https://github.com/trustred/EscapeRoom.git/' not found

(The error was parsed as 8: The repository does not seem to exist anymore. You may not have access, or it may have been deleted or renamed.)
2019-04-15T11:36:29.093Z - info: [ui] Background fetch for 12 repositories took 7.229sec
2019-04-15T11:51:22.464Z - warn: [ui] fetchRepository: 'trustred/EscapeRoom' returned a 404
2019-04-15T11:51:22.620Z - warn: [ui] fetchRepository: 'trustred/EscapeRoom' returned a 404
2019-04-15T11:51:22.621Z - info: [ui] [AppStore.withAuthenticatingUser] account found for repository: EscapeRoom - hu7go (has token)
2019-04-15T11:51:24.002Z - info: [ui] Executing fetch: git -c credential.helper= -c protocol.version=2 fetch --progress --prune origin (took 1.301s)
2019-04-15T11:51:24.003Z - error: [ui] `git -c credential.helper= -c protocol.version=2 fetch --progress --prune origin` exited with an unexpected code: 128.
remote: Repository not found.
fatal: repository 'https://github.com/trustred/EscapeRoom.git/' not found

(The error was parsed as 8: The repository does not seem to exist anymore. You may not have access, or it may have been deleted or renamed.)
2019-04-15T11:51:29.712Z - info: [ui] Background fetch for 12 repositories took 7.846sec
2019-04-15T12:03:18.721Z - info: [ui] Executing fetch: git -c credential.helper= -c protocol.version=2 fetch --progress --prune origin (took 2.211s)
2019-04-15T12:06:22.446Z - warn: [ui] fetchRepository: 'trustred/EscapeRoom' returned a 404
2019-04-15T12:06:22.599Z - warn: [ui] fetchRepository: 'trustred/EscapeRoom' returned a 404
2019-04-15T12:06:22.600Z - info: [ui] [AppStore.withAuthenticatingUser] account found for repository: EscapeRoom - hu7go (has token)
2019-04-15T12:06:24.002Z - info: [ui] Executing fetch: git -c credential.helper= -c protocol.version=2 fetch --progress --prune origin (took 1.315s)
2019-04-15T12:06:24.002Z - error: [ui] `git -c credential.helper= -c protocol.version=2 fetch --progress --prune origin` exited with an unexpected code: 128.
remote: Repository not found.
fatal: repository 'https://github.com/trustred/EscapeRoom.git/' not found

(The error was parsed as 8: The repository does not seem to exist anymore. You may not have access, or it may have been deleted or renamed.)
2019-04-15T12:06:29.676Z - info: [ui] Background fetch for 12 repositories took 7.811sec
2019-04-15T12:21:22.434Z - warn: [ui] fetchRepository: 'trustred/EscapeRoom' returned a 404
2019-04-15T12:21:22.595Z - warn: [ui] fetchRepository: 'trustred/EscapeRoom' returned a 404
2019-04-15T12:21:22.595Z - info: [ui] [AppStore.withAuthenticatingUser] account found for repository: EscapeRoom - hu7go (has token)
2019-04-15T12:21:23.913Z - info: [ui] Executing fetch: git -c credential.helper= -c protocol.version=2 fetch --progress --prune origin (took 1.255s)
2019-04-15T12:21:23.914Z - error: [ui] `git -c credential.helper= -c protocol.version=2 fetch --progress --prune origin` exited with an unexpected code: 128.
remote: Repository not found.
fatal: repository 'https://github.com/trustred/EscapeRoom.git/' not found

(The error was parsed as 8: The repository does not seem to exist anymore. You may not have access, or it may have been deleted or renamed.)
2019-04-15T12:21:29.247Z - info: [ui] Background fetch for 12 repositories took 7.382sec
2019-04-15T12:33:48.002Z - info: [ui] Executing fetch: git -c credential.helper= -c protocol.version=2 fetch --progress --prune origin (took 3.748s)
2019-04-15T12:36:22.438Z - warn: [ui] fetchRepository: 'trustred/EscapeRoom' returned a 404
2019-04-15T12:36:22.702Z - warn: [ui] fetchRepository: 'trustred/EscapeRoom' returned a 404
2019-04-15T12:36:22.703Z - info: [ui] [AppStore.withAuthenticatingUser] account found for repository: EscapeRoom - hu7go (has token)
2019-04-15T12:36:23.993Z - info: [ui] Executing fetch: git -c credential.helper= -c protocol.version=2 fetch --progress --prune origin (took 1.220s)
2019-04-15T12:36:23.993Z - error: [ui] `git -c credential.helper= -c protocol.version=2 fetch --progress --prune origin` exited with an unexpected code: 128.
remote: Repository not found.
fatal: repository 'https://github.com/trustred/EscapeRoom.git/' not found

(The error was parsed as 8: The repository does not seem to exist anymore. You may not have access, or it may have been deleted or renamed.)
2019-04-15T12:36:29.759Z - info: [ui] Background fetch for 12 repositories took 7.894sec
2019-04-15T12:51:22.423Z - warn: [ui] fetchRepository: 'trustred/EscapeRoom' returned a 404
2019-04-15T12:51:22.572Z - warn: [ui] fetchRepository: 'trustred/EscapeRoom' returned a 404
2019-04-15T12:51:22.573Z - info: [ui] [AppStore.withAuthenticatingUser] account found for repository: EscapeRoom - hu7go (has token)
2019-04-15T12:51:23.837Z - info: [ui] Executing fetch: git -c credential.helper= -c protocol.version=2 fetch --progress --prune origin (took 1.201s)
2019-04-15T12:51:23.837Z - error: [ui] `git -c credential.helper= -c protocol.version=2 fetch --progress --prune origin` exited with an unexpected code: 128.
remote: Repository not found.
fatal: repository 'https://github.com/trustred/EscapeRoom.git/' not found

(The error was parsed as 8: The repository does not seem to exist anymore. You may not have access, or it may have been deleted or renamed.)
2019-04-15T12:51:30.214Z - info: [ui] Background fetch for 12 repositories took 8.348sec
2019-04-15T13:04:15.672Z - info: [ui] Executing fetch: git -c credential.helper= -c protocol.version=2 fetch --progress --prune origin (took 2.151s)
2019-04-15T13:06:22.435Z - warn: [ui] fetchRepository: 'trustred/EscapeRoom' returned a 404
2019-04-15T13:06:22.586Z - warn: [ui] fetchRepository: 'trustred/EscapeRoom' returned a 404
2019-04-15T13:06:22.586Z - info: [ui] [AppStore.withAuthenticatingUser] account found for repository: EscapeRoom - hu7go (has token)
2019-04-15T13:06:23.960Z - info: [ui] Executing fetch: git -c credential.helper= -c protocol.version=2 fetch --progress --prune origin (took 1.301s)
2019-04-15T13:06:23.960Z - error: [ui] `git -c credential.helper= -c protocol.version=2 fetch --progress --prune origin` exited with an unexpected code: 128.
remote: Repository not found.
fatal: repository 'https://github.com/trustred/EscapeRoom.git/' not found

(The error was parsed as 8: The repository does not seem to exist anymore. You may not have access, or it may have been deleted or renamed.)
2019-04-15T13:06:29.749Z - info: [ui] Background fetch for 12 repositories took 7.884sec
2019-04-15T13:21:22.441Z - warn: [ui] fetchRepository: 'trustred/EscapeRoom' returned a 404
2019-04-15T13:21:22.611Z - warn: [ui] fetchRepository: 'trustred/EscapeRoom' returned a 404
2019-04-15T13:21:22.611Z - info: [ui] [AppStore.withAuthenticatingUser] account found for repository: EscapeRoom - hu7go (has token)
2019-04-15T13:21:24.121Z - info: [ui] Executing fetch: git -c credential.helper= -c protocol.version=2 fetch --progress --prune origin (took 1.438s)
2019-04-15T13:21:24.121Z - error: [ui] `git -c credential.helper= -c protocol.version=2 fetch --progress --prune origin` exited with an unexpected code: 128.
remote: Repository not found.
fatal: repository 'https://github.com/trustred/EscapeRoom.git/' not found

(The error was parsed as 8: The repository does not seem to exist anymore. You may not have access, or it may have been deleted or renamed.)
2019-04-15T13:21:29.664Z - info: [ui] Background fetch for 12 repositories took 7.799sec
2019-04-15T13:34:47.192Z - info: [ui] Executing fetch: git -c credential.helper= -c protocol.version=2 fetch --progress --prune origin (took 4.519s)
2019-04-15T13:36:24.346Z - warn: [ui] fetchRepository: 'trustred/EscapeRoom' returned a 404
2019-04-15T13:36:24.500Z - warn: [ui] fetchRepository: 'trustred/EscapeRoom' returned a 404
2019-04-15T13:36:24.501Z - info: [ui] [AppStore.withAuthenticatingUser] account found for repository: EscapeRoom - hu7go (has token)
2019-04-15T13:36:25.914Z - info: [ui] Executing fetch: git -c credential.helper= -c protocol.version=2 fetch --progress --prune origin (took 1.326s)
2019-04-15T13:36:25.915Z - error: [ui] `git -c credential.helper= -c protocol.version=2 fetch --progress --prune origin` exited with an unexpected code: 128.
remote: Repository not found.
fatal: repository 'https://github.com/trustred/EscapeRoom.git/' not found

(The error was parsed as 8: The repository does not seem to exist anymore. You may not have access, or it may have been deleted or renamed.)
2019-04-15T13:36:34.057Z - info: [ui] Background fetch for 12 repositories took 12.191sec
2019-04-15T13:51:22.579Z - warn: [ui] fetchRepository: 'trustred/EscapeRoom' returned a 404
2019-04-15T13:51:22.731Z - warn: [ui] fetchRepository: 'trustred/EscapeRoom' returned a 404
2019-04-15T13:51:22.731Z - info: [ui] [AppStore.withAuthenticatingUser] account found for repository: EscapeRoom - hu7go (has token)
2019-04-15T13:51:24.037Z - info: [ui] Executing fetch: git -c credential.helper= -c protocol.version=2 fetch --progress --prune origin (took 1.234s)
2019-04-15T13:51:24.037Z - error: [ui] `git -c credential.helper= -c protocol.version=2 fetch --progress --prune origin` exited with an unexpected code: 128.
remote: Repository not found.
fatal: repository 'https://github.com/trustred/EscapeRoom.git/' not found

(The error was parsed as 8: The repository does not seem to exist anymore. You may not have access, or it may have been deleted or renamed.)
2019-04-15T13:51:31.302Z - info: [ui] Background fetch for 12 repositories took 9.437sec
2019-04-15T13:54:04.857Z - info: [ui] [AppStore.withAuthenticatingUser] account found for repository: Wavr_percision - hu7go (has token)
2019-04-15T13:54:08.590Z - info: [ui] Executing push: git -c credential.helper= -c protocol.version=2 push origin master:master --progress (took 3.640s)
2019-04-15T13:54:10.756Z - info: [ui] Executing fetch: git -c credential.helper= -c protocol.version=2 fetch --progress --prune origin (took 2.077s)
2019-04-15T13:59:57.464Z - info: [ui] [AppStore.withAuthenticatingUser] account found for repository: Wavr_percision - hu7go (has token)
2019-04-15T14:00:00.782Z - info: [ui] Executing fetch: git -c credential.helper= -c protocol.version=2 fetch --progress --prune origin (took 3.215s)
2019-04-15T14:06:22.457Z - warn: [ui] fetchRepository: 'trustred/EscapeRoom' returned a 404
2019-04-15T14:06:22.640Z - warn: [ui] fetchRepository: 'trustred/EscapeRoom' returned a 404
2019-04-15T14:06:22.641Z - info: [ui] [AppStore.withAuthenticatingUser] account found for repository: EscapeRoom - hu7go (has token)
2019-04-15T14:06:23.936Z - info: [ui] Executing fetch: git -c credential.helper= -c protocol.version=2 fetch --progress --prune origin (took 1.227s)
2019-04-15T14:06:23.937Z - error: [ui] `git -c credential.helper= -c protocol.version=2 fetch --progress --prune origin` exited with an unexpected code: 128.
remote: Repository not found.
fatal: repository 'https://github.com/trustred/EscapeRoom.git/' not found

(The error was parsed as 8: The repository does not seem to exist anymore. You may not have access, or it may have been deleted or renamed.)
2019-04-15T14:06:29.957Z - info: [ui] Background fetch for 12 repositories took 8.091sec
2019-04-15T14:10:38.322Z - info: [ui] [AppStore.withAuthenticatingUser] account found for repository: Wavr_percision - hu7go (has token)
2019-04-15T14:10:42.369Z - info: [ui] Executing push: git -c credential.helper= -c protocol.version=2 push origin master:master --progress (took 3.933s)
2019-04-15T14:10:45.774Z - info: [ui] Executing fetch: git -c credential.helper= -c protocol.version=2 fetch --progress --prune origin (took 3.306s)
2019-04-15T14:21:22.555Z - warn: [ui] fetchRepository: 'trustred/EscapeRoom' returned a 404
2019-04-15T14:21:22.703Z - warn: [ui] fetchRepository: 'trustred/EscapeRoom' returned a 404
2019-04-15T14:21:22.704Z - info: [ui] [AppStore.withAuthenticatingUser] account found for repository: EscapeRoom - hu7go (has token)
2019-04-15T14:21:23.970Z - info: [ui] Executing fetch: git -c credential.helper= -c protocol.version=2 fetch --progress --prune origin (took 1.203s)
2019-04-15T14:21:23.970Z - error: [ui] `git -c credential.helper= -c protocol.version=2 fetch --progress --prune origin` exited with an unexpected code: 128.
remote: Repository not found.
fatal: repository 'https://github.com/trustred/EscapeRoom.git/' not found

(The error was parsed as 8: The repository does not seem to exist anymore. You may not have access, or it may have been deleted or renamed.)
2019-04-15T14:21:29.490Z - info: [ui] Background fetch for 12 repositories took 7.439sec
2019-04-15T14:36:24.787Z - warn: [ui] fetchRepository: 'trustred/EscapeRoom' returned a 404
2019-04-15T14:36:24.972Z - warn: [ui] fetchRepository: 'trustred/EscapeRoom' returned a 404
2019-04-15T14:36:24.972Z - info: [ui] [AppStore.withAuthenticatingUser] account found for repository: EscapeRoom - hu7go (has token)
2019-04-15T14:36:26.266Z - info: [ui] Executing fetch: git -c credential.helper= -c protocol.version=2 fetch --progress --prune origin (took 1.232s)
2019-04-15T14:36:26.266Z - error: [ui] `git -c credential.helper= -c protocol.version=2 fetch --progress --prune origin` exited with an unexpected code: 128.
remote: Repository not found.
fatal: repository 'https://github.com/trustred/EscapeRoom.git/' not found

(The error was parsed as 8: The repository does not seem to exist anymore. You may not have access, or it may have been deleted or renamed.)
2019-04-15T14:36:32.499Z - info: [ui] Background fetch for 12 repositories took 10.448sec
2019-04-15T14:40:52.207Z - info: [ui] Executing fetch: git -c credential.helper= -c protocol.version=2 fetch --progress --prune origin (took 2.090s)
2019-04-15T14:47:05.957Z - info: [ui] Executing fetch: git -c credential.helper= -c protocol.version=2 fetch --progress --prune origin (took 2.102s)
2019-04-15T14:47:09.090Z - info: [ui] [AppStore.withAuthenticatingUser] account found for repository: PA-RougeLike - hu7go (has token)
2019-04-15T14:47:12.785Z - info: [ui] Executing push: git -c credential.helper= -c protocol.version=2 push origin master:master --progress (took 3.591s)
2019-04-15T14:47:15.023Z - info: [ui] Executing fetch: git -c credential.helper= -c protocol.version=2 fetch --progress --prune origin (took 2.149s)
